2023-01-10 13:42:50.453 [info] Nível de log: Info
2023-01-10 13:42:50.453 [info] Validando o git encontrado em: git
2023-01-10 13:42:50.453 [info] Usando git ''2.34.1'' de ''git''
2023-01-10 13:42:50.453 [info] > git rev-parse --show-toplevel [9ms]
2023-01-10 13:42:50.453 [info] fatal: not a git repository (or any of the parent directories): .git
2023-01-10 13:42:50.453 [info] > git rev-parse --show-toplevel [1ms]
2023-01-10 13:42:50.453 [info] fatal: not a git repository (or any of the parent directories): .git
2023-01-10 13:42:50.453 [info] > git rev-parse --show-toplevel [1ms]
2023-01-10 13:42:50.453 [info] fatal: not a git repository (or any of the parent directories): .git
2023-01-10 13:42:50.453 [info] > git rev-parse --show-toplevel [1ms]
2023-01-10 13:42:50.453 [info] fatal: not a git repository (or any of the parent directories): .git
2023-01-10 13:42:50.454 [info] > git rev-parse --show-toplevel [1ms]
2023-01-10 13:42:50.454 [info] fatal: not a git repository (or any of the parent directories): .git
2023-01-10 13:42:50.454 [info] > git rev-parse --show-toplevel [1ms]
2023-01-10 13:42:50.454 [info] fatal: not a git repository (or any of the parent directories): .git
2023-01-10 13:42:50.454 [info] > git rev-parse --show-toplevel [0ms]
2023-01-10 13:42:50.454 [info] fatal: not a git repository (or any of the parent directories): .git
2023-01-10 13:42:50.454 [info] > git rev-parse --show-toplevel [1ms]
2023-01-10 13:42:50.454 [info] fatal: not a git repository (or any of the parent directories): .git
2023-01-10 13:42:50.454 [info] > git rev-parse --show-toplevel [1ms]
2023-01-10 13:42:50.454 [info] fatal: not a git repository (or any of the parent directories): .git
2023-01-10 13:42:50.454 [info] > git rev-parse --show-toplevel [0ms]
2023-01-10 13:42:50.454 [info] fatal: not a git repository (or any of the parent directories): .git
2023-01-10 13:42:50.454 [info] > git rev-parse --show-toplevel [0ms]
2023-01-10 13:42:50.454 [info] fatal: not a git repository (or any of the parent directories): .git
2023-01-10 13:42:50.454 [info] > git rev-parse --show-toplevel [1ms]
2023-01-10 13:42:50.454 [info] fatal: not a git repository (or any of the parent directories): .git
