2023-01-13 15:18:09.927 [info] Nível de log: Info
2023-01-13 15:18:09.927 [info] Validando o git encontrado em: git
2023-01-13 15:18:09.927 [info] Usando git ''2.34.1'' de ''git''
2023-01-13 15:18:09.927 [info] > git rev-parse --show-toplevel [4ms]
2023-01-13 15:18:09.927 [info] > git rev-parse --git-dir --git-common-dir [7ms]
2023-01-13 15:18:09.927 [info] Open repository: /home/eduardo
2023-01-13 15:18:09.927 [info] > git rev-parse --show-toplevel [17ms]
2023-01-13 15:18:09.927 [info] > git config --get commit.template [5ms]
2023-01-13 15:18:09.927 [info] > git rev-parse --show-toplevel [1ms]
2023-01-13 15:18:09.927 [info] > git rev-parse --show-toplevel [4ms]
2023-01-13 15:18:09.927 [info] > git for-each-ref --format=%(refname)%00%(upstream:short)%00%(objectname)%00%(upstream:track)%00%(upstream:remotename)%00%(upstream:remoteref) refs/heads/main refs/remotes/main [3ms]
2023-01-13 15:18:09.927 [info] > git status -z -uall [7ms]
2023-01-13 15:18:09.927 [info] > git for-each-ref --sort -committerdate --format %(refname) %(objectname) %(*objectname) [4ms]
2023-01-13 15:18:09.927 [info] > git rev-parse --show-toplevel [11ms]
2023-01-13 15:18:09.927 [info] > git rev-parse --show-toplevel [52ms]
2023-01-13 15:18:09.927 [info] > git rev-parse --show-toplevel [78ms]
2023-01-13 15:18:09.927 [info] > git config --get commit.template [83ms]
2023-01-13 15:18:09.927 [info] > git rev-parse --show-toplevel [2ms]
2023-01-13 15:18:09.927 [info] > git for-each-ref --format=%(refname)%00%(upstream:short)%00%(objectname)%00%(upstream:track)%00%(upstream:remotename)%00%(upstream:remoteref) refs/heads/main refs/remotes/main [1ms]
2023-01-13 15:18:09.927 [info] > git rev-parse --show-toplevel [7ms]
2023-01-13 15:18:09.927 [info] > git status -z -uall [5ms]
2023-01-13 15:18:09.927 [info] > git for-each-ref --sort -committerdate --format %(refname) %(objectname) %(*objectname) [3ms]
2023-01-13 15:18:09.927 [info] > git rev-parse --show-toplevel [8ms]
2023-01-13 15:18:09.927 [info] > git rev-parse --show-toplevel [0ms]
2023-01-13 15:18:09.927 [info] > git show --textconv HEAD:.bash_history [6ms]
2023-01-13 15:18:09.927 [info] > git show --textconv :.bash_history [4ms]
2023-01-13 15:18:09.927 [info] > git ls-tree -l HEAD -- /home/eduardo/.bash_history [2ms]
2023-01-13 15:18:09.927 [info] fatal: Not a valid object name HEAD
2023-01-13 15:18:09.927 [info] > git ls-files --stage -- /home/eduardo/.bash_history [2ms]
2023-01-13 15:18:09.927 [info] > git cat-file -s 70f8cb0e3ad9091ec07b072ad417db453cf7e0af [1ms]
2023-01-13 15:18:09.927 [info] > git check-ignore -v -z --stdin [8ms]
2023-01-13 15:18:09.927 [info] > git ls-files --stage -- /home/eduardo/.bash_history [2ms]
2023-01-13 15:18:09.927 [info] > git ls-tree -l HEAD -- /home/eduardo/.bash_history [7ms]
2023-01-13 15:18:09.927 [info] fatal: Not a valid object name HEAD
2023-01-13 15:18:09.927 [info] > git cat-file -s 70f8cb0e3ad9091ec07b072ad417db453cf7e0af [1ms]
2023-01-13 15:18:11.563 [info] > git show --textconv :html/package.json [10ms]
2023-01-13 15:18:11.563 [info] > git ls-files --stage -- /home/eduardo/html/package.json [8ms]
2023-01-13 15:18:11.566 [info] > git cat-file -s 88c88e26d967d614e7219b91a79d67a0ca541f61 [1ms]
2023-01-13 15:18:11.941 [info] > git check-ignore -v -z --stdin [21ms]
2023-01-13 15:19:10.884 [info] > git config --get commit.template [3ms]
2023-01-13 15:19:10.884 [info] > git for-each-ref --format=%(refname)%00%(upstream:short)%00%(objectname)%00%(upstream:track)%00%(upstream:remotename)%00%(upstream:remoteref) refs/heads/main refs/remotes/main [1ms]
2023-01-13 15:19:10.888 [info] > git for-each-ref --sort -committerdate --format %(refname) %(objectname) %(*objectname) [0ms]
2023-01-13 15:19:10.890 [info] > git status -z -uall [4ms]
2023-01-13 15:19:14.700 [info] > git ls-files --stage -- /home/eduardo/html/package.json [1ms]
2023-01-13 15:19:14.703 [info] > git cat-file -s 88c88e26d967d614e7219b91a79d67a0ca541f61 [1ms]
2023-01-13 15:19:14.714 [info] > git show --textconv :html/package.json [5ms]
2023-01-13 15:19:15.904 [info] > git config --get commit.template [0ms]
2023-01-13 15:19:15.906 [info] > git for-each-ref --format=%(refname)%00%(upstream:short)%00%(objectname)%00%(upstream:track)%00%(upstream:remotename)%00%(upstream:remoteref) refs/heads/main refs/remotes/main [1ms]
2023-01-13 15:19:15.911 [info] > git for-each-ref --sort -committerdate --format %(refname) %(objectname) %(*objectname) [1ms]
2023-01-13 15:19:15.911 [info] > git status -z -uall [3ms]
2023-01-13 15:19:20.926 [info] > git config --get commit.template [4ms]
2023-01-13 15:19:20.927 [info] > git for-each-ref --format=%(refname)%00%(upstream:short)%00%(objectname)%00%(upstream:track)%00%(upstream:remotename)%00%(upstream:remoteref) refs/heads/main refs/remotes/main [3ms]
2023-01-13 15:19:20.931 [info] > git for-each-ref --sort -committerdate --format %(refname) %(objectname) %(*objectname) [1ms]
2023-01-13 15:19:20.931 [info] > git status -z -uall [2ms]
2023-01-13 15:19:25.939 [info] > git config --get commit.template [2ms]
2023-01-13 15:19:25.940 [info] > git for-each-ref --format=%(refname)%00%(upstream:short)%00%(objectname)%00%(upstream:track)%00%(upstream:remotename)%00%(upstream:remoteref) refs/heads/main refs/remotes/main [1ms]
2023-01-13 15:19:25.944 [info] > git for-each-ref --sort -committerdate --format %(refname) %(objectname) %(*objectname) [1ms]
2023-01-13 15:19:25.945 [info] > git status -z -uall [4ms]
2023-01-13 15:19:30.022 [info] > git ls-files --stage -- /home/eduardo/html/package.json [0ms]
2023-01-13 15:19:30.024 [info] > git cat-file -s 88c88e26d967d614e7219b91a79d67a0ca541f61 [1ms]
2023-01-13 15:19:30.031 [info] > git show --textconv :html/package.json [0ms]
2023-01-13 15:19:31.720 [info] > git config --get commit.template [4ms]
2023-01-13 15:19:31.723 [info] > git for-each-ref --format=%(refname)%00%(upstream:short)%00%(objectname)%00%(upstream:track)%00%(upstream:remotename)%00%(upstream:remoteref) refs/heads/main refs/remotes/main [1ms]
2023-01-13 15:19:31.728 [info] > git for-each-ref --sort -committerdate --format %(refname) %(objectname) %(*objectname) [0ms]
2023-01-13 15:19:31.728 [info] > git status -z -uall [3ms]
