2023-01-10 12:24:21.527 [info] Nível de log: Info
2023-01-10 12:24:21.527 [info] Validando o git encontrado em: git
2023-01-10 12:24:21.527 [info] Usando git ''2.34.1'' de ''git''
2023-01-10 12:24:21.527 [info] > git rev-parse --show-toplevel [7ms]
2023-01-10 12:24:21.527 [info] fatal: not a git repository (or any of the parent directories): .git
2023-01-10 12:24:21.527 [info] > git rev-parse --show-toplevel [1ms]
2023-01-10 12:24:21.527 [info] fatal: not a git repository (or any of the parent directories): .git
2023-01-10 12:24:21.527 [info] > git rev-parse --show-toplevel [1ms]
2023-01-10 12:24:21.527 [info] fatal: not a git repository (or any of the parent directories): .git
2023-01-10 12:24:21.527 [info] > git rev-parse --show-toplevel [1ms]
2023-01-10 12:24:21.527 [info] fatal: not a git repository (or any of the parent directories): .git
2023-01-10 12:24:21.527 [info] > git rev-parse --show-toplevel [0ms]
2023-01-10 12:24:21.527 [info] fatal: not a git repository (or any of the parent directories): .git
2023-01-10 12:24:21.527 [info] > git rev-parse --show-toplevel [4ms]
2023-01-10 12:24:21.527 [info] fatal: not a git repository (or any of the parent directories): .git
2023-01-10 12:24:21.527 [info] > git rev-parse --show-toplevel [2ms]
2023-01-10 12:24:21.527 [info] fatal: not a git repository (or any of the parent directories): .git
2023-01-10 12:24:21.527 [info] > git rev-parse --show-toplevel [0ms]
2023-01-10 12:24:21.527 [info] fatal: not a git repository (or any of the parent directories): .git
2023-01-10 12:24:21.527 [info] > git rev-parse --show-toplevel [2ms]
2023-01-10 12:24:21.527 [info] fatal: not a git repository (or any of the parent directories): .git
2023-01-10 12:24:21.527 [info] > git rev-parse --show-toplevel [0ms]
2023-01-10 12:24:21.527 [info] fatal: not a git repository (or any of the parent directories): .git
2023-01-10 12:24:21.527 [info] > git rev-parse --show-toplevel [44ms]
2023-01-10 12:24:21.527 [info] fatal: not a git repository (or any of the parent directories): .git
2023-01-10 12:24:21.527 [info] > git rev-parse --show-toplevel [0ms]
2023-01-10 12:24:21.527 [info] fatal: not a git repository (or any of the parent directories): .git
2023-01-10 12:25:39.716 [info] > git rev-parse --show-toplevel [1ms]
2023-01-10 12:25:39.716 [info] fatal: not a git repository (or any of the parent directories): .git
2023-01-10 12:27:01.860 [info] > git rev-parse --show-toplevel [3ms]
2023-01-10 12:27:01.860 [info] fatal: not a git repository (or any of the parent directories): .git
2023-01-10 12:27:02.561 [info] > git rev-parse --show-toplevel [1ms]
2023-01-10 12:27:02.562 [info] fatal: not a git repository (or any of the parent directories): .git
2023-01-10 12:27:03.825 [info] > git rev-parse --show-toplevel [1ms]
2023-01-10 12:27:03.825 [info] fatal: not a git repository (or any of the parent directories): .git
2023-01-10 12:27:08.427 [info] > git rev-parse --show-toplevel [2ms]
2023-01-10 12:27:08.427 [info] fatal: not a git repository (or any of the parent directories): .git
