2023-01-10 18:25:45.561 [info] Nível de log: Info
2023-01-10 18:25:45.561 [info] Validando o git encontrado em: git
2023-01-10 18:25:45.561 [info] Usando git ''2.34.1'' de ''git''
2023-01-10 18:25:45.561 [info] > git rev-parse --show-toplevel [21ms]
2023-01-10 18:25:45.561 [info] fatal: not a git repository (or any of the parent directories): .git
2023-01-10 18:25:45.561 [info] > git rev-parse --show-toplevel [0ms]
2023-01-10 18:25:45.561 [info] fatal: not a git repository (or any of the parent directories): .git
2023-01-10 18:25:45.561 [info] > git rev-parse --show-toplevel [1ms]
2023-01-10 18:25:45.561 [info] fatal: not a git repository (or any of the parent directories): .git
2023-01-10 18:25:45.561 [info] > git rev-parse --show-toplevel [0ms]
2023-01-10 18:25:45.561 [info] fatal: not a git repository (or any of the parent directories): .git
2023-01-10 18:25:45.561 [info] > git rev-parse --show-toplevel [1ms]
2023-01-10 18:25:45.561 [info] fatal: not a git repository (or any of the parent directories): .git
2023-01-10 18:25:45.561 [info] > git rev-parse --show-toplevel [0ms]
2023-01-10 18:25:45.561 [info] fatal: not a git repository (or any of the parent directories): .git
2023-01-10 18:25:45.561 [info] > git rev-parse --show-toplevel [0ms]
2023-01-10 18:25:45.561 [info] fatal: not a git repository (or any of the parent directories): .git
2023-01-10 18:25:45.561 [info] > git rev-parse --show-toplevel [6ms]
2023-01-10 18:25:45.561 [info] fatal: not a git repository (or any of the parent directories): .git
2023-01-10 18:25:45.561 [info] > git rev-parse --show-toplevel [3ms]
2023-01-10 18:25:45.561 [info] fatal: not a git repository (or any of the parent directories): .git
2023-01-10 18:25:45.561 [info] > git rev-parse --show-toplevel [1ms]
2023-01-10 18:25:45.561 [info] fatal: not a git repository (or any of the parent directories): .git
2023-01-10 18:25:45.561 [info] > git rev-parse --show-toplevel [0ms]
2023-01-10 18:25:45.561 [info] fatal: not a git repository (or any of the parent directories): .git
2023-01-10 18:25:45.561 [info] > git rev-parse --show-toplevel [1ms]
2023-01-10 18:25:45.561 [info] fatal: not a git repository (or any of the parent directories): .git
2023-01-10 18:25:54.048 [info] > git rev-parse --show-toplevel [1ms]
2023-01-10 18:25:54.049 [info] fatal: not a git repository (or any of the parent directories): .git
2023-01-10 18:25:54.051 [info] > git rev-parse --show-toplevel [1ms]
2023-01-10 18:25:54.051 [info] fatal: not a git repository (or any of the parent directories): .git
2023-01-10 18:25:58.372 [info] > git rev-parse --show-toplevel [0ms]
2023-01-10 18:25:58.372 [info] fatal: not a git repository (or any of the parent directories): .git
2023-01-10 18:26:09.624 [info] > git rev-parse --show-toplevel [1ms]
2023-01-10 18:26:09.624 [info] fatal: not a git repository (or any of the parent directories): .git
2023-01-10 18:26:09.627 [info] > git rev-parse --show-toplevel [1ms]
2023-01-10 18:26:09.627 [info] fatal: not a git repository (or any of the parent directories): .git
2023-01-10 18:26:10.690 [info] > git rev-parse --show-toplevel [1ms]
2023-01-10 18:26:10.690 [info] fatal: not a git repository (or any of the parent directories): .git
