2023-01-11 15:58:45.278 [info] Extension host with pid 140 started
2023-01-11 15:58:45.296 [info] Lock '/home/eduardo/.vscode-server/data/User/workspaceStorage/2238c8c50c7dd614725736a0bacf0805/vscode.lock': Lock acquired.
2023-01-11 15:58:45.360 [info] ExtensionService#_doActivateExtension vscode.html-language-features, startup: false, activationEvent: 'onLanguage:html'
2023-01-11 15:58:45.361 [info] ExtensionService#_doActivateExtension vscode.git-base, startup: true, activationEvent: '*', root cause: vscode.git
2023-01-11 15:58:45.365 [info] ExtensionService#_doActivateExtension vscode.npm, startup: true, activationEvent: 'workspaceContains:package.json'
2023-01-11 15:58:46.064 [warning] Using default string since no string found in i18n bundle that has the key: HTML Language Server
2023-01-11 15:58:46.124 [info] ExtensionService#_doActivateExtension vscode.git, startup: true, activationEvent: '*'
2023-01-11 15:58:46.124 [info] ExtensionService#_doActivateExtension vscode.github, startup: true, activationEvent: '*'
2023-01-11 15:58:46.530 [info] ExtensionService#_doActivateExtension formulahendry.code-runner, startup: false, activationEvent: 'onLanguage:code-runner-output'
2023-01-11 15:58:46.558 [info] ExtensionService#_doActivateExtension vscode.debug-auto-launch, startup: false, activationEvent: 'onStartupFinished'
2023-01-11 15:58:46.559 [info] ExtensionService#_doActivateExtension vscode.emmet, startup: false, activationEvent: 'onStartupFinished'
2023-01-11 15:58:46.559 [info] ExtensionService#_doActivateExtension vscode.merge-conflict, startup: false, activationEvent: 'onStartupFinished'
2023-01-11 15:58:46.560 [info] ExtensionService#_doActivateExtension ritwickdey.LiveServer, startup: false, activationEvent: 'onStartupFinished'
2023-01-11 15:58:46.560 [info] Eager extensions activated
2023-01-11 16:15:35.625 [info] ExtensionService#_doActivateExtension vscode.configuration-editing, startup: false, activationEvent: 'onLanguage:json'
2023-01-11 16:15:35.625 [info] ExtensionService#_doActivateExtension vscode.extension-editing, startup: false, activationEvent: 'onLanguage:json'
2023-01-11 16:15:35.626 [info] ExtensionService#_doActivateExtension vscode.json-language-features, startup: false, activationEvent: 'onLanguage:json'
2023-01-11 16:15:35.774 [warning] Using default string since no string found in i18n bundle that has the key: Configure
2023-01-11 16:15:35.774 [warning] Using default string since no string found in i18n bundle that has the key: JSON Language Server
2023-01-11 16:15:35.798 [warning] Using default string since no string found in i18n bundle that has the key: JSON: Schema Resolution Error
2023-01-11 16:15:35.873 [warning] Using default string since no string found in i18n bundle that has the key: Unable to resolve schema. Click to retry.
2023-01-11 16:15:35.874 [warning] Using default string since no string found in i18n bundle that has the key: JSON Validation Status
2023-01-11 16:15:35.874 [warning] Using default string since no string found in i18n bundle that has the key: Loading JSON info
2023-01-11 16:15:35.884 [warning] Using default string since no string found in i18n bundle that has the key: Schema Validated
2023-01-11 16:15:35.884 [warning] Using default string since no string found in i18n bundle that has the key: multiple JSON schemas configured
2023-01-11 16:15:35.884 [warning] Using default string since no string found in i18n bundle that has the key: Show Schemas
2023-01-11 16:15:35.965 [info] ExtensionService#_doActivateExtension vscode.typescript-language-features, startup: false, activationEvent: 'onLanguage:jsonc'
2023-01-11 16:15:38.201 [warning] Using default string since no string found in i18n bundle that has the key: Unable to compute used schemas: No document
2023-01-11 16:15:38.273 [warning] Using default string since no string found in i18n bundle that has the key: Loading JSON info
2023-01-11 16:15:38.280 [warning] Using default string since no string found in i18n bundle that has the key: No Schema Validation
2023-01-11 16:15:38.280 [warning] Using default string since no string found in i18n bundle that has the key: no JSON schema configured
2023-01-11 16:15:38.280 [warning] Using default string since no string found in i18n bundle that has the key: Show Schemas
2023-01-11 16:15:47.195 [warning] Using default string since no string found in i18n bundle that has the key: Unable to compute used schemas: No document
2023-01-11 16:15:47.196 [warning] Using default string since no string found in i18n bundle that has the key: Loading JSON info
2023-01-11 16:15:47.217 [warning] Using default string since no string found in i18n bundle that has the key: Schema Validated
2023-01-11 16:15:47.217 [warning] Using default string since no string found in i18n bundle that has the key: multiple JSON schemas configured
2023-01-11 16:15:47.217 [warning] Using default string since no string found in i18n bundle that has the key: Show Schemas
2023-01-11 16:15:49.623 [info] ExtensionService#_doActivateExtension ms-vscode.js-debug, startup: false, activationEvent: 'onCommand:extension.js-debug.npmScript'
2023-01-11 16:16:19.568 [warning] Using default string since no string found in i18n bundle that has the key: Unable to compute used schemas: No document
2023-01-11 16:16:19.569 [warning] Using default string since no string found in i18n bundle that has the key: Loading JSON info
2023-01-11 16:16:19.576 [warning] Using default string since no string found in i18n bundle that has the key: No Schema Validation
2023-01-11 16:16:19.576 [warning] Using default string since no string found in i18n bundle that has the key: no JSON schema configured
2023-01-11 16:16:19.576 [warning] Using default string since no string found in i18n bundle that has the key: Show Schemas
2023-01-11 16:16:20.233 [warning] Using default string since no string found in i18n bundle that has the key: Unable to compute used schemas: No document
2023-01-11 16:16:20.258 [warning] Using default string since no string found in i18n bundle that has the key: Loading JSON info
2023-01-11 16:16:20.277 [warning] Using default string since no string found in i18n bundle that has the key: Schema Validated
2023-01-11 16:16:20.277 [warning] Using default string since no string found in i18n bundle that has the key: multiple JSON schemas configured
2023-01-11 16:16:20.277 [warning] Using default string since no string found in i18n bundle that has the key: Show Schemas
2023-01-11 16:16:22.597 [warning] Using default string since no string found in i18n bundle that has the key: Unable to compute used schemas: No document
2023-01-11 16:16:22.597 [warning] Using default string since no string found in i18n bundle that has the key: Loading JSON info
2023-01-11 16:16:22.613 [warning] Using default string since no string found in i18n bundle that has the key: Schema Validated
2023-01-11 16:16:22.614 [warning] Using default string since no string found in i18n bundle that has the key: multiple JSON schemas configured
2023-01-11 16:16:22.614 [warning] Using default string since no string found in i18n bundle that has the key: Show Schemas
2023-01-11 16:16:24.227 [warning] Using default string since no string found in i18n bundle that has the key: Unable to compute used schemas: No document
2023-01-11 16:16:24.228 [warning] Using default string since no string found in i18n bundle that has the key: Loading JSON info
2023-01-11 16:16:24.237 [warning] Using default string since no string found in i18n bundle that has the key: No Schema Validation
2023-01-11 16:16:24.237 [warning] Using default string since no string found in i18n bundle that has the key: no JSON schema configured
2023-01-11 16:16:24.237 [warning] Using default string since no string found in i18n bundle that has the key: Show Schemas
2023-01-11 16:16:28.324 [warning] Using default string since no string found in i18n bundle that has the key: Unable to compute used schemas: No document
2023-01-11 16:16:28.326 [warning] Using default string since no string found in i18n bundle that has the key: Loading JSON info
2023-01-11 16:16:28.351 [warning] Using default string since no string found in i18n bundle that has the key: Schema Validated
2023-01-11 16:16:28.351 [warning] Using default string since no string found in i18n bundle that has the key: multiple JSON schemas configured
2023-01-11 16:16:28.351 [warning] Using default string since no string found in i18n bundle that has the key: Show Schemas
2023-01-11 16:16:29.233 [warning] Using default string since no string found in i18n bundle that has the key: Unable to compute used schemas: No document
2023-01-11 16:16:29.233 [warning] Using default string since no string found in i18n bundle that has the key: Loading JSON info
2023-01-11 16:16:29.240 [warning] Using default string since no string found in i18n bundle that has the key: No Schema Validation
2023-01-11 16:16:29.240 [warning] Using default string since no string found in i18n bundle that has the key: no JSON schema configured
2023-01-11 16:16:29.240 [warning] Using default string since no string found in i18n bundle that has the key: Show Schemas
2023-01-11 16:16:30.071 [warning] Using default string since no string found in i18n bundle that has the key: Unable to compute used schemas: No document
2023-01-11 16:16:30.071 [warning] Using default string since no string found in i18n bundle that has the key: Loading JSON info
2023-01-11 16:16:30.088 [warning] Using default string since no string found in i18n bundle that has the key: Schema Validated
2023-01-11 16:16:30.088 [warning] Using default string since no string found in i18n bundle that has the key: multiple JSON schemas configured
2023-01-11 16:16:30.088 [warning] Using default string since no string found in i18n bundle that has the key: Show Schemas
2023-01-11 16:16:40.873 [warning] Using default string since no string found in i18n bundle that has the key: Unable to compute used schemas: No document
2023-01-11 16:16:40.874 [warning] Using default string since no string found in i18n bundle that has the key: Loading JSON info
2023-01-11 16:16:40.881 [warning] Using default string since no string found in i18n bundle that has the key: No Schema Validation
2023-01-11 16:16:40.881 [warning] Using default string since no string found in i18n bundle that has the key: no JSON schema configured
2023-01-11 16:16:40.881 [warning] Using default string since no string found in i18n bundle that has the key: Show Schemas
2023-01-11 16:16:51.495 [warning] Using default string since no string found in i18n bundle that has the key: Unable to compute used schemas: No document
2023-01-11 16:16:51.496 [warning] Using default string since no string found in i18n bundle that has the key: Loading JSON info
2023-01-11 16:16:51.513 [warning] Using default string since no string found in i18n bundle that has the key: Schema Validated
2023-01-11 16:16:51.513 [warning] Using default string since no string found in i18n bundle that has the key: multiple JSON schemas configured
2023-01-11 16:16:51.513 [warning] Using default string since no string found in i18n bundle that has the key: Show Schemas
2023-01-11 16:17:03.427 [warning] Using default string since no string found in i18n bundle that has the key: Unable to compute used schemas: No document
2023-01-11 16:17:03.473 [warning] Using default string since no string found in i18n bundle that has the key: Loading JSON info
2023-01-11 16:17:03.480 [warning] Using default string since no string found in i18n bundle that has the key: No Schema Validation
2023-01-11 16:17:03.480 [warning] Using default string since no string found in i18n bundle that has the key: no JSON schema configured
2023-01-11 16:17:03.480 [warning] Using default string since no string found in i18n bundle that has the key: Show Schemas
2023-01-11 16:17:18.078 [warning] Using default string since no string found in i18n bundle that has the key: Unable to compute used schemas: No document
2023-01-11 16:17:18.103 [warning] Using default string since no string found in i18n bundle that has the key: Loading JSON info
2023-01-11 16:17:18.107 [warning] Using default string since no string found in i18n bundle that has the key: No Schema Validation
2023-01-11 16:17:18.107 [warning] Using default string since no string found in i18n bundle that has the key: no JSON schema configured
2023-01-11 16:17:18.107 [warning] Using default string since no string found in i18n bundle that has the key: Show Schemas
2023-01-11 16:18:25.584 [warning] Using default string since no string found in i18n bundle that has the key: Unable to compute used schemas: No document
2023-01-11 16:18:25.585 [warning] Using default string since no string found in i18n bundle that has the key: Loading JSON info
2023-01-11 16:18:25.604 [warning] Using default string since no string found in i18n bundle that has the key: Schema Validated
2023-01-11 16:18:25.604 [warning] Using default string since no string found in i18n bundle that has the key: multiple JSON schemas configured
2023-01-11 16:18:25.604 [warning] Using default string since no string found in i18n bundle that has the key: Show Schemas
2023-01-11 16:18:26.901 [warning] Using default string since no string found in i18n bundle that has the key: Unable to compute used schemas: No document
2023-01-11 16:18:26.902 [warning] Using default string since no string found in i18n bundle that has the key: Loading JSON info
2023-01-11 16:18:26.921 [warning] Using default string since no string found in i18n bundle that has the key: Schema Validated
2023-01-11 16:18:26.922 [warning] Using default string since no string found in i18n bundle that has the key: multiple JSON schemas configured
2023-01-11 16:18:26.922 [warning] Using default string since no string found in i18n bundle that has the key: Show Schemas
2023-01-11 16:18:27.363 [warning] Using default string since no string found in i18n bundle that has the key: Unable to compute used schemas: No document
2023-01-11 16:18:27.386 [warning] Using default string since no string found in i18n bundle that has the key: Loading JSON info
2023-01-11 16:18:27.394 [warning] Using default string since no string found in i18n bundle that has the key: No Schema Validation
2023-01-11 16:18:27.394 [warning] Using default string since no string found in i18n bundle that has the key: no JSON schema configured
2023-01-11 16:18:27.394 [warning] Using default string since no string found in i18n bundle that has the key: Show Schemas
2023-01-11 16:18:34.293 [warning] Using default string since no string found in i18n bundle that has the key: Unable to compute used schemas: No document
2023-01-11 16:18:34.294 [warning] Using default string since no string found in i18n bundle that has the key: Loading JSON info
2023-01-11 16:18:34.300 [warning] Using default string since no string found in i18n bundle that has the key: Schema Validated
2023-01-11 16:18:34.300 [warning] Using default string since no string found in i18n bundle that has the key: multiple JSON schemas configured
2023-01-11 16:18:34.300 [warning] Using default string since no string found in i18n bundle that has the key: Show Schemas
2023-01-11 16:18:35.640 [warning] Using default string since no string found in i18n bundle that has the key: Unable to compute used schemas: No document
2023-01-11 16:18:35.641 [warning] Using default string since no string found in i18n bundle that has the key: Loading JSON info
2023-01-11 16:18:35.660 [warning] Using default string since no string found in i18n bundle that has the key: Schema Validated
2023-01-11 16:18:35.660 [warning] Using default string since no string found in i18n bundle that has the key: multiple JSON schemas configured
2023-01-11 16:18:35.660 [warning] Using default string since no string found in i18n bundle that has the key: Show Schemas
2023-01-11 16:18:36.195 [warning] Using default string since no string found in i18n bundle that has the key: Unable to compute used schemas: No document
2023-01-11 16:18:36.195 [warning] Using default string since no string found in i18n bundle that has the key: Loading JSON info
2023-01-11 16:18:36.236 [warning] Using default string since no string found in i18n bundle that has the key: Schema Validated
2023-01-11 16:18:36.237 [warning] Using default string since no string found in i18n bundle that has the key: multiple JSON schemas configured
2023-01-11 16:18:36.237 [warning] Using default string since no string found in i18n bundle that has the key: Show Schemas
2023-01-11 16:18:36.660 [warning] Using default string since no string found in i18n bundle that has the key: Unable to compute used schemas: No document
2023-01-11 16:18:36.661 [warning] Using default string since no string found in i18n bundle that has the key: Loading JSON info
2023-01-11 16:18:36.665 [warning] Using default string since no string found in i18n bundle that has the key: Schema Validated
2023-01-11 16:18:36.665 [warning] Using default string since no string found in i18n bundle that has the key: multiple JSON schemas configured
2023-01-11 16:18:36.665 [warning] Using default string since no string found in i18n bundle that has the key: Show Schemas
2023-01-11 16:18:37.222 [warning] Using default string since no string found in i18n bundle that has the key: Unable to compute used schemas: No document
2023-01-11 16:18:37.223 [warning] Using default string since no string found in i18n bundle that has the key: Loading JSON info
2023-01-11 16:18:37.227 [warning] Using default string since no string found in i18n bundle that has the key: No Schema Validation
2023-01-11 16:18:37.227 [warning] Using default string since no string found in i18n bundle that has the key: no JSON schema configured
2023-01-11 16:18:37.227 [warning] Using default string since no string found in i18n bundle that has the key: Show Schemas
2023-01-11 16:18:38.419 [warning] Using default string since no string found in i18n bundle that has the key: Unable to compute used schemas: No document
2023-01-11 16:18:38.420 [warning] Using default string since no string found in i18n bundle that has the key: Loading JSON info
2023-01-11 16:18:38.424 [warning] Using default string since no string found in i18n bundle that has the key: Schema Validated
2023-01-11 16:18:38.424 [warning] Using default string since no string found in i18n bundle that has the key: multiple JSON schemas configured
2023-01-11 16:18:38.424 [warning] Using default string since no string found in i18n bundle that has the key: Show Schemas
2023-01-11 16:18:39.058 [warning] Using default string since no string found in i18n bundle that has the key: Unable to compute used schemas: No document
2023-01-11 16:18:39.094 [warning] Using default string since no string found in i18n bundle that has the key: Loading JSON info
2023-01-11 16:18:39.098 [warning] Using default string since no string found in i18n bundle that has the key: No Schema Validation
2023-01-11 16:18:39.098 [warning] Using default string since no string found in i18n bundle that has the key: no JSON schema configured
2023-01-11 16:18:39.098 [warning] Using default string since no string found in i18n bundle that has the key: Show Schemas
2023-01-11 16:18:39.520 [warning] Using default string since no string found in i18n bundle that has the key: Unable to compute used schemas: No document
2023-01-11 16:18:39.521 [warning] Using default string since no string found in i18n bundle that has the key: Loading JSON info
2023-01-11 16:18:39.525 [warning] Using default string since no string found in i18n bundle that has the key: No Schema Validation
2023-01-11 16:18:39.525 [warning] Using default string since no string found in i18n bundle that has the key: no JSON schema configured
2023-01-11 16:18:39.525 [warning] Using default string since no string found in i18n bundle that has the key: Show Schemas
2023-01-11 16:18:43.245 [warning] Using default string since no string found in i18n bundle that has the key: Unable to compute used schemas: No document
2023-01-11 16:18:43.309 [warning] Using default string since no string found in i18n bundle that has the key: Loading JSON info
2023-01-11 16:18:43.337 [warning] Using default string since no string found in i18n bundle that has the key: No Schema Validation
2023-01-11 16:18:43.337 [warning] Using default string since no string found in i18n bundle that has the key: no JSON schema configured
2023-01-11 16:18:43.337 [warning] Using default string since no string found in i18n bundle that has the key: Show Schemas
2023-01-11 16:18:45.418 [warning] Using default string since no string found in i18n bundle that has the key: Unable to compute used schemas: No document
2023-01-11 16:18:45.419 [warning] Using default string since no string found in i18n bundle that has the key: Loading JSON info
2023-01-11 16:18:45.447 [warning] Using default string since no string found in i18n bundle that has the key: Schema Validated
2023-01-11 16:18:45.447 [warning] Using default string since no string found in i18n bundle that has the key: multiple JSON schemas configured
2023-01-11 16:18:45.447 [warning] Using default string since no string found in i18n bundle that has the key: Show Schemas
2023-01-11 16:18:46.225 [warning] Using default string since no string found in i18n bundle that has the key: Unable to compute used schemas: No document
2023-01-11 16:18:46.226 [warning] Using default string since no string found in i18n bundle that has the key: Loading JSON info
2023-01-11 16:18:46.242 [warning] Using default string since no string found in i18n bundle that has the key: Schema Validated
2023-01-11 16:18:46.242 [warning] Using default string since no string found in i18n bundle that has the key: multiple JSON schemas configured
2023-01-11 16:18:46.242 [warning] Using default string since no string found in i18n bundle that has the key: Show Schemas
2023-01-11 16:19:37.834 [warning] Using default string since no string found in i18n bundle that has the key: Unable to compute used schemas: No document
2023-01-11 16:19:37.835 [warning] Using default string since no string found in i18n bundle that has the key: Loading JSON info
2023-01-11 16:19:37.856 [warning] Using default string since no string found in i18n bundle that has the key: Schema Validated
2023-01-11 16:19:37.856 [warning] Using default string since no string found in i18n bundle that has the key: multiple JSON schemas configured
2023-01-11 16:19:37.856 [warning] Using default string since no string found in i18n bundle that has the key: Show Schemas
2023-01-11 16:19:38.699 [warning] Using default string since no string found in i18n bundle that has the key: Unable to compute used schemas: No document
2023-01-11 16:19:38.699 [warning] Using default string since no string found in i18n bundle that has the key: Loading JSON info
2023-01-11 16:19:38.716 [warning] Using default string since no string found in i18n bundle that has the key: Schema Validated
2023-01-11 16:19:38.716 [warning] Using default string since no string found in i18n bundle that has the key: multiple JSON schemas configured
2023-01-11 16:19:38.716 [warning] Using default string since no string found in i18n bundle that has the key: Show Schemas
2023-01-11 16:19:39.469 [warning] Using default string since no string found in i18n bundle that has the key: Unable to compute used schemas: No document
2023-01-11 16:19:39.470 [warning] Using default string since no string found in i18n bundle that has the key: Loading JSON info
2023-01-11 16:19:39.488 [warning] Using default string since no string found in i18n bundle that has the key: Schema Validated
2023-01-11 16:19:39.488 [warning] Using default string since no string found in i18n bundle that has the key: multiple JSON schemas configured
2023-01-11 16:19:39.488 [warning] Using default string since no string found in i18n bundle that has the key: Show Schemas
2023-01-11 16:19:41.456 [warning] Using default string since no string found in i18n bundle that has the key: Unable to compute used schemas: No document
2023-01-11 16:19:41.457 [warning] Using default string since no string found in i18n bundle that has the key: Loading JSON info
2023-01-11 16:19:41.478 [warning] Using default string since no string found in i18n bundle that has the key: Schema Validated
2023-01-11 16:19:41.478 [warning] Using default string since no string found in i18n bundle that has the key: multiple JSON schemas configured
2023-01-11 16:19:41.478 [warning] Using default string since no string found in i18n bundle that has the key: Show Schemas
2023-01-11 16:29:41.745 [info] Extension host terminating: received terminate message from renderer
2023-01-11 16:29:41.745 [info] Lock '/home/eduardo/.vscode-server/data/User/workspaceStorage/2238c8c50c7dd614725736a0bacf0805/vscode.lock': Marking the lockfile as scheduled to be released in 6000 ms.
2023-01-11 16:29:41.771 [info] Extension host with pid 140 exiting with code 0
